<?xml version="1.0" encoding="UTF-8"?>
<testsuite name="StudentTest" tests="1" skipped="0" failures="0" errors="0" timestamp="2022-10-14T19:05:56" hostname="DESKTOP-V2UD1NB" time="0.01">
  <properties/>
  <testcase name="testGetUsername()" classname="StudentTest" time="0.01"/>
  <system-out><![CDATA[]]></system-out>
  <system-err><![CDATA[]]></system-err>
</testsuite>
